d:\documents\dx11 projects\dx11demo\dx11demo\debug\vc140.pdb
d:\documents\dx11 projects\dx11demo\dx11demo\debug\vc140.idb
d:\documents\dx11 projects\dx11demo\dx11demo\debug\dxapp.obj
d:\documents\dx11 projects\dx11demo\dx11demo\debug\dxerr.obj
d:\documents\dx11 projects\dx11demo\dx11demo\debug\gametimer.obj
d:\documents\dx11 projects\dx11demo\dx11demo\debug\geometrygenerator.obj
d:\documents\dx11 projects\dx11demo\dx11demo\debug\mathhelper.obj
d:\documents\dx11 projects\dx11demo\dx11demo\debug\dxappview.obj
d:\documents\dx11 projects\dx11demo\dx11demo\debug\dxappbox.obj
d:\documents\dx11 projects\dx11demo\dx11demo\debug\dxapphills.obj
d:\documents\dx11 projects\dx11demo\dx11demo\debug\dxappsinglecolor.obj
d:\documents\dx11 projects\dx11demo\dx11demo\debug\winmain.obj
d:\documents\dx11 projects\dx11demo\debug\dx11demo.ilk
d:\documents\dx11 projects\dx11demo\debug\dx11demo.exe
d:\documents\dx11 projects\dx11demo\debug\dx11demo.pdb
d:\documents\dx11 projects\dx11demo\dx11demo\debug\dx11demo.tlog\cl.command.1.tlog
d:\documents\dx11 projects\dx11demo\dx11demo\debug\dx11demo.tlog\cl.read.1.tlog
d:\documents\dx11 projects\dx11demo\dx11demo\debug\dx11demo.tlog\cl.write.1.tlog
d:\documents\dx11 projects\dx11demo\dx11demo\debug\dx11demo.tlog\link.command.1.tlog
d:\documents\dx11 projects\dx11demo\dx11demo\debug\dx11demo.tlog\link.read.1.tlog
d:\documents\dx11 projects\dx11demo\dx11demo\debug\dx11demo.tlog\link.write.1.tlog
